[dotenv] Set [36mOPENWEATHER_API_KEY[0m, [36mREDIS_URL[0m, and [36mRAILS_MAX_THREADS[0m
[dotenv] Loaded [33m.env[0m
  [1m[35m (268.2ms)[0m  [1m[35mCREATE DATABASE "apple_weather_development" ENCODING = 'unicode'[0m
  [1m[35m (74.1ms)[0m  [1m[35mCREATE DATABASE "apple_weather_test" ENCODING = 'unicode'[0m
[dotenv] Set [36mOPENWEATHER_API_KEY[0m, [36mREDIS_URL[0m, and [36mRAILS_MAX_THREADS[0m
[dotenv] Loaded [33m.env[0m
[dotenv] Set [36mOPENWEATHER_API_KEY[0m, [36mREDIS_URL[0m, and [36mRAILS_MAX_THREADS[0m
[dotenv] Loaded [33m.env[0m
[dotenv] Set [36mOPENWEATHER_API_KEY[0m, [36mREDIS_URL[0m, and [36mRAILS_MAX_THREADS[0m
[dotenv] Loaded [33m.env[0m
  [1m[35m (17.0ms)[0m  [1m[35mCREATE TABLE "schema_migrations" ("version" character varying NOT NULL PRIMARY KEY)[0m
  [1m[35m (4.8ms)[0m  [1m[35mCREATE TABLE "ar_internal_metadata" ("key" character varying NOT NULL PRIMARY KEY, "value" character varying, "created_at" timestamp(6) NOT NULL, "updated_at" timestamp(6) NOT NULL)[0m
  [1m[35m (0.5ms)[0m  [1m[34mSELECT pg_try_advisory_lock(3958835545304852625)[0m
  [1m[36mActiveRecord::SchemaMigration Load (0.5ms)[0m  [1m[34mSELECT "schema_migrations"."version" FROM "schema_migrations" ORDER BY "schema_migrations"."version" ASC[0m
  [1m[36mActiveRecord::InternalMetadata Load (1.0ms)[0m  [1m[34mSELECT * FROM "ar_internal_metadata" WHERE "ar_internal_metadata"."key" = $1 ORDER BY "ar_internal_metadata"."key" ASC LIMIT 1[0m  [[nil, "environment"]]
  [1m[36mActiveRecord::InternalMetadata Create (0.5ms)[0m  [1m[32mINSERT INTO "ar_internal_metadata" ("key", "value", "created_at", "updated_at") VALUES ('environment', 'development', '2025-07-26 15:28:24.272284', '2025-07-26 15:28:24.272288') RETURNING "key"[0m
Migrating to CreateAddresses (20250726152350)
  [1m[36mTRANSACTION (0.1ms)[0m  [1m[35mBEGIN[0m
  [1m[35m (6.6ms)[0m  [1m[35mCREATE TABLE "addresses" ("id" bigserial primary key, "street_address" character varying, "city" character varying, "state" character varying, "zip_code" character varying, "latitude" decimal, "longitude" decimal, "geocoded_at" timestamp(6), "created_at" timestamp(6) NOT NULL, "updated_at" timestamp(6) NOT NULL)[0m
  [1m[36mActiveRecord::SchemaMigration Create (0.4ms)[0m  [1m[32mINSERT INTO "schema_migrations" ("version") VALUES ('20250726152350') RETURNING "version"[0m
  [1m[36mTRANSACTION (0.4ms)[0m  [1m[35mCOMMIT[0m
Migrating to CreateWeatherForecasts (20250726152658)
  [1m[36mTRANSACTION (0.2ms)[0m  [1m[35mBEGIN[0m
  [1m[35m (5.6ms)[0m  [1m[35mCREATE TABLE "weather_forecasts" ("id" bigserial primary key, "zip_code" character varying, "current_temperature" decimal, "high_temperature" decimal, "low_temperature" decimal, "description" character varying, "cached_at" timestamp(6), "created_at" timestamp(6) NOT NULL, "updated_at" timestamp(6) NOT NULL)[0m
  [1m[36mActiveRecord::SchemaMigration Create (0.4ms)[0m  [1m[32mINSERT INTO "schema_migrations" ("version") VALUES ('20250726152658') RETURNING "version"[0m
  [1m[36mTRANSACTION (1.7ms)[0m  [1m[35mCOMMIT[0m
  [1m[35m (0.6ms)[0m  [1m[34mSELECT pg_advisory_unlock(3958835545304852625)[0m
  [1m[36mActiveRecord::SchemaMigration Load (0.3ms)[0m  [1m[34mSELECT "schema_migrations"."version" FROM "schema_migrations" ORDER BY "schema_migrations"."version" ASC[0m
